================================================================================
Rule No. 101 : NWELLterm_StampErrorFloat

Real Error Count : 1; Flat Error Count : 1
================================================================================

--------------------------------------------------------------------------------
Cell Name : nand layout simulation

                   Cell Errors    Real Errors   Cell Placements     Environments
                             1              1                 1                1
--------------------------------------------------------------------------------
Env.  Env. Placements            X1           Y1          X2           Y2

  1        1                  5.140        6.320       7.520        9.320

Shape               Environments Status & Error Marker 

          1           X1         Y1         X2         Y2

   1      X        5.140      6.320      7.520      9.320

================================================================================
Rule No. 126 : 1B: Nwell to Nwell spacing must be >= 1.0 um

Real Error Count : 1; Flat Error Count : 1
================================================================================

--------------------------------------------------------------------------------
Cell Name : nand layout simulation

                   Cell Errors    Real Errors   Cell Placements     Environments
                             1              1                 1                1
--------------------------------------------------------------------------------
Env.  Env. Placements            X1           Y1          X2           Y2

  1        1                  5.135        6.720       5.140        9.320

Shape               Environments Status & Error Marker 

          1           X1         Y1         X2         Y2

   1      X        5.135      6.720      5.140      9.320

================================================================================
Rule No. 158 : 5A: Poly width must be >= 0.18 um

Real Error Count : 1; Flat Error Count : 1
================================================================================

--------------------------------------------------------------------------------
Cell Name : nand layout simulation

                   Cell Errors    Real Errors   Cell Placements     Environments
                             1              1                 1                1
--------------------------------------------------------------------------------
Env.  Env. Placements            X1           Y1          X2           Y2

  1        1                  2.255        6.573       2.430        6.657

Shape               Environments Status & Error Marker 

          1           X1         Y1         X2         Y2

   1      X        2.255      6.573      2.430      6.657

================================================================================
Rule No. 162 : 5E: Oxide to Poly spacing must be >= 0.2 um

Real Error Count : 1; Flat Error Count : 1
================================================================================

--------------------------------------------------------------------------------
Cell Name : nand layout simulation

                   Cell Errors    Real Errors   Cell Placements     Environments
                             1              1                 1                1
--------------------------------------------------------------------------------
Env.  Env. Placements            X1           Y1          X2           Y2

  1        1                  6.256        8.820       7.183        8.935

Shape               Environments Status & Error Marker 

          1           X1         Y1         X2         Y2

   1      X        6.256      8.820      7.183      8.935

================================================================================
Rule No. 178 : 7B: Metal1 to Metal1 spacing must be >= 0.3 um

Real Error Count : 1; Flat Error Count : 1
================================================================================

--------------------------------------------------------------------------------
Cell Name : nand layout simulation

                   Cell Errors    Real Errors   Cell Placements     Environments
                             1              1                 1                1
--------------------------------------------------------------------------------
Env.  Env. Placements            X1           Y1          X2           Y2

  1        1                  4.585        5.785       5.485        5.790

Shape               Environments Status & Error Marker 

          1           X1         Y1         X2         Y2

   1      X        4.585      5.785      5.485      5.790

